<?xml version="1.0" encoding="UTF-8"?>
<!-- Generated by org.testng.reporters.JUnitReportReporter -->
<testsuite skipped="0" hostname="Sachin-PC" name="com.nybula.Sample" tests="1" failures="0" timestamp="19 Aug 2022 10:59:26 GMT" time="0.033" errors="0">
  <testcase name="method1" time="0.033" classname="com.nybula.Sample"/>
</testsuite> <!-- com.nybula.Sample -->
