<?xml version="1.0" encoding="UTF-8"?>
<!-- Generated by org.testng.reporters.JUnitReportReporter -->
<testsuite skipped="0" hostname="Sachin-PC" name="com.nybula.AppTest" tests="1" failures="0" timestamp="19 Aug 2022 11:29:35 GMT" time="0.009" errors="0">
  <testcase name="testApp" time="0.009" classname="com.nybula.AppTest"/>
</testsuite> <!-- com.nybula.AppTest -->
